<?xml version="1.0" encoding="UTF-8"?>
<!-- Generated by org.testng.reporters.JUnitReportReporter -->
<testsuite hostname="CPDK245" failures="0" tests="1" name="com.APITesting.OrganicHomePage" time="2.662" errors="0" timestamp="2024-07-05T15:15:33 IST" skipped="0">
  <testcase classname="com.APITesting.OrganicHomePage" name="PATCHRequest" time="2.662"/>
</testsuite> <!-- com.APITesting.OrganicHomePage -->
