<?xml version="1.0" encoding="UTF-8"?>
<!-- Generated by org.testng.reporters.JUnitReportReporter -->
<testsuite hostname="CPDK245" failures="0" tests="1" name="com.APITesting.TestGetandPOSTRequest" time="4.710" errors="0" timestamp="2024-07-05T14:34:24 IST" skipped="0">
  <testcase classname="com.APITesting.TestGetandPOSTRequest" name="GETRequest1" time="4.710"/>
</testsuite> <!-- com.APITesting.TestGetandPOSTRequest -->
