<?xml version="1.0" encoding="UTF-8"?>
<!-- Generated by org.testng.reporters.JUnitReportReporter -->
<testsuite hostname="CPDK245" failures="0" tests="1" name="com.APITesting.JSONSchemaValidator" time="3.912" errors="0" timestamp="2024-07-05T17:06:45 IST" skipped="0">
  <testcase classname="com.APITesting.JSONSchemaValidator" name="testget" time="3.912"/>
</testsuite> <!-- com.APITesting.JSONSchemaValidator -->
